TN:
SF:src/App.tsx
FN:4,App
FNF:1
FNH:1
FNDA:4,App
DA:1,1
DA:2,1
DA:5,4
DA:14,1
LF:4
LH:4
BRF:0
BRH:0
end_of_record
TN:
SF:src/components/AlgorithmMetricsCard.tsx
FN:30,AlgorithmMetricsCard
FN:37,(anonymous_1)
FNF:2
FNH:2
FNDA:3,AlgorithmMetricsCard
FNDA:12,(anonymous_1)
DA:23,1
DA:30,1
DA:31,3
DA:38,12
LF:4
LH:4
BRDA:70,0,0,12
BRDA:70,0,1,0
BRDA:76,1,0,12
BRDA:76,1,1,12
BRDA:87,2,0,12
BRDA:87,2,1,0
BRF:6
BRH:4
end_of_record
TN:
SF:src/components/AlgorithmResultCard.tsx
FN:14,AlgorithmResultCard
FNF:1
FNH:1
FNDA:9,AlgorithmResultCard
DA:7,1
DA:14,1
DA:15,9
LF:3
LH:3
BRDA:18,0,0,9
BRDA:18,0,1,1
BRF:2
BRH:2
end_of_record
TN:
SF:src/components/ComparisonChart.tsx
FN:41,ComparisonChart
FN:48,(anonymous_1)
FN:54,(anonymous_2)
FN:61,(anonymous_3)
FN:99,(anonymous_4)
FN:119,(anonymous_5)
FNF:6
FNH:6
FNDA:8,ComparisonChart
FNDA:25,(anonymous_1)
FNDA:25,(anonymous_2)
FNDA:25,(anonymous_3)
FNDA:3,(anonymous_4)
FNDA:3,(anonymous_5)
DA:1,1
DA:10,1
DA:12,1
DA:34,1
DA:41,1
DA:47,8
DA:48,25
DA:51,8
DA:54,25
DA:61,25
DA:68,8
DA:73,8
DA:103,3
DA:104,3
DA:105,2
DA:107,3
DA:108,2
DA:110,3
DA:120,3
DA:143,8
LF:20
LH:20
BRDA:48,0,0,25
BRDA:48,0,1,1
BRDA:103,1,0,3
BRDA:103,1,1,1
BRDA:104,2,0,2
BRDA:104,2,1,1
BRDA:107,3,0,2
BRDA:107,3,1,1
BRF:8
BRH:8
end_of_record
TN:
SF:src/components/ModelInfoCard.tsx
FN:19,ModelInfoCard
FNF:1
FNH:1
FNDA:8,ModelInfoCard
DA:19,1
DA:24,8
LF:2
LH:2
BRDA:30,0,0,8
BRDA:30,0,1,2
BRDA:79,1,0,8
BRDA:79,1,1,7
BRDA:79,1,2,7
BRDA:79,1,3,7
BRF:6
BRH:6
end_of_record
TN:
SF:src/components/PredictionForm.tsx
FN:35,PredictionForm
FN:135,(anonymous_1)
FN:156,(anonymous_2)
FN:171,(anonymous_3)
FNF:4
FNH:4
FNDA:27,PredictionForm
FNDA:1,(anonymous_1)
FNDA:1,(anonymous_2)
FNDA:1,(anonymous_3)
DA:1,1
DA:3,1
DA:4,1
DA:5,1
DA:35,1
DA:56,27
DA:135,1
DA:156,1
DA:171,1
LF:9
LH:9
BRDA:53,0,0,26
BRDA:73,1,0,27
BRDA:73,1,1,3
BRDA:90,2,0,27
BRDA:90,2,1,26
BRDA:97,3,0,26
BRDA:97,3,1,0
BRDA:112,4,0,26
BRDA:112,4,1,0
BRDA:125,5,0,26
BRDA:125,5,1,25
BRDA:125,5,2,25
BRDA:133,6,0,26
BRDA:133,6,1,1
BRDA:142,7,0,26
BRDA:142,7,1,25
BRDA:146,8,0,25
BRDA:146,8,1,24
BRDA:156,9,0,0
BRDA:156,9,1,1
BRDA:156,10,0,1
BRDA:156,10,1,1
BRDA:178,11,0,26
BRDA:178,11,1,25
BRF:24
BRH:21
end_of_record
TN:
SF:src/components/PriceRangeChart.tsx
FN:59,PriceRangeChart
FN:60,(anonymous_1)
FN:60,(anonymous_2)
FN:62,(anonymous_3)
FN:64,(anonymous_4)
FN:66,(anonymous_5)
FN:67,(anonymous_6)
FN:68,(anonymous_7)
FN:117,(anonymous_8)
FN:137,(anonymous_9)
FNF:10
FNH:10
FNDA:9,PriceRangeChart
FNDA:15,(anonymous_1)
FNDA:7,(anonymous_2)
FNDA:27,(anonymous_3)
FNDA:27,(anonymous_4)
FNDA:26,(anonymous_5)
FNDA:53,(anonymous_6)
FNDA:126,(anonymous_7)
FNDA:3,(anonymous_8)
FNDA:3,(anonymous_9)
DA:1,1
DA:11,1
DA:13,1
DA:33,1
DA:52,1
DA:59,1
DA:60,15
DA:62,27
DA:64,9
DA:65,27
DA:66,26
DA:68,126
DA:69,53
DA:72,27
DA:86,9
DA:91,9
DA:121,3
DA:122,3
DA:123,2
DA:125,3
DA:126,2
DA:128,3
DA:138,3
DA:161,9
LF:24
LH:24
BRDA:62,0,0,9
BRDA:62,0,1,1
BRDA:62,1,0,1
BRDA:62,1,1,8
BRDA:62,2,0,9
BRDA:62,2,1,9
BRDA:69,3,0,53
BRDA:69,3,1,1
BRDA:69,4,0,1
BRDA:69,4,1,52
BRDA:69,5,0,53
BRDA:69,5,1,53
BRDA:121,6,0,3
BRDA:121,6,1,1
BRDA:122,7,0,2
BRDA:122,7,1,1
BRDA:125,8,0,2
BRDA:125,8,1,1
BRF:18
BRH:18
end_of_record
TN:
SF:src/components/RangeComparisonChart.tsx
FN:44,RangeComparisonChart
FN:51,(anonymous_1)
FN:51,(anonymous_2)
FN:56,(anonymous_3)
FN:66,(anonymous_4)
FN:109,(anonymous_5)
FN:129,(anonymous_6)
FNF:7
FNH:7
FNDA:13,RangeComparisonChart
FNDA:34,(anonymous_1)
FNDA:22,(anonymous_2)
FNDA:34,(anonymous_3)
FNDA:34,(anonymous_4)
FNDA:3,(anonymous_5)
FNDA:3,(anonymous_6)
DA:1,1
DA:11,1
DA:13,1
DA:37,1
DA:44,1
DA:51,34
DA:53,13
DA:56,34
DA:66,34
DA:76,13
DA:81,13
DA:113,3
DA:114,3
DA:115,2
DA:117,3
DA:118,2
DA:120,3
DA:130,3
DA:153,13
LF:19
LH:19
BRDA:98,0,0,13
BRDA:98,0,1,1
BRDA:113,1,0,3
BRDA:113,1,1,1
BRDA:114,2,0,2
BRDA:114,2,1,1
BRDA:117,3,0,2
BRDA:117,3,1,1
BRF:8
BRH:8
end_of_record
TN:
SF:src/hooks/usePredictionData.ts
FN:12,usePredictionData
FN:24,(anonymous_8)
FN:25,loadManufacturers
FN:31,(anonymous_11)
FN:54,(anonymous_12)
FN:61,loadModels
FN:72,(anonymous_15)
FN:102,(anonymous_16)
FN:104,loadDetails
FNF:9
FNH:9
FNDA:97,usePredictionData
FNDA:21,(anonymous_8)
FNDA:21,loadManufacturers
FNDA:22,(anonymous_11)
FNDA:35,(anonymous_12)
FNDA:13,loadModels
FNDA:15,(anonymous_15)
FNDA:28,(anonymous_16)
FNDA:5,loadDetails
DA:1,5
DA:12,5
DA:13,97
DA:16,97
DA:17,97
DA:18,97
DA:19,97
DA:20,97
DA:21,97
DA:22,97
DA:24,97
DA:26,21
DA:27,21
DA:28,19
DA:29,18
DA:30,18
DA:32,22
DA:33,8
DA:34,8
DA:39,2
DA:40,6
DA:41,6
DA:42,6
DA:45,18
DA:47,3
DA:48,3
DA:51,21
DA:54,97
DA:55,35
DA:56,13
DA:57,13
DA:58,13
DA:59,13
DA:62,13
DA:63,13
DA:64,13
DA:69,12
DA:70,11
DA:71,11
DA:73,15
DA:74,8
DA:75,8
DA:80,2
DA:81,6
DA:82,6
DA:83,6
DA:86,11
DA:88,2
DA:89,2
DA:92,13
DA:94,22
DA:95,22
DA:96,22
DA:97,22
DA:98,22
DA:102,97
DA:103,28
DA:105,5
DA:106,5
DA:107,5
DA:108,5
DA:109,5
DA:117,4
DA:118,3
DA:119,3
DA:127,2
DA:128,2
DA:131,5
DA:133,23
DA:134,23
DA:135,23
DA:140,97
LF:72
LH:72
BRDA:28,0,0,1
BRDA:28,0,1,18
BRDA:30,1,0,18
BRDA:30,1,1,0
BRDA:32,2,0,14
BRDA:32,2,1,8
BRDA:34,3,0,2
BRDA:34,3,1,6
BRDA:35,4,0,8
BRDA:35,4,1,8
BRDA:35,4,2,2
BRDA:40,5,0,2
BRDA:40,5,1,4
BRDA:40,6,0,6
BRDA:40,6,1,6
BRDA:40,7,0,1
BRDA:40,7,1,5
BRDA:40,8,0,6
BRDA:40,8,1,5
BRDA:41,9,0,3
BRDA:41,9,1,3
BRDA:48,10,0,2
BRDA:48,10,1,1
BRDA:55,11,0,13
BRDA:55,11,1,22
BRDA:69,12,0,1
BRDA:69,12,1,11
BRDA:71,13,0,11
BRDA:71,13,1,0
BRDA:73,14,0,7
BRDA:73,14,1,8
BRDA:75,15,0,2
BRDA:75,15,1,6
BRDA:76,16,0,8
BRDA:76,16,1,8
BRDA:76,16,2,2
BRDA:81,17,0,2
BRDA:81,17,1,4
BRDA:81,18,0,6
BRDA:81,18,1,6
BRDA:81,19,0,1
BRDA:81,19,1,5
BRDA:81,20,0,6
BRDA:81,20,1,5
BRDA:82,21,0,3
BRDA:82,21,1,3
BRDA:89,22,0,2
BRDA:89,22,1,0
BRDA:103,23,0,5
BRDA:103,23,1,23
BRDA:103,24,0,28
BRDA:103,24,1,7
BRDA:117,25,0,1
BRDA:117,25,1,3
BRDA:120,26,0,3
BRDA:120,26,1,1
BRDA:121,27,0,3
BRDA:121,27,1,1
BRDA:128,28,0,2
BRDA:128,28,1,0
BRF:60
BRH:56
end_of_record
TN:
SF:src/lib/utils.ts
FN:4,cn
FNF:1
FNH:1
FNDA:1668,cn
DA:1,5
DA:2,5
DA:4,5
DA:5,1668
LF:4
LH:4
BRF:0
BRH:0
end_of_record
TN:
SF:src/pages/ComparisonPrediction.tsx
FN:22,ComparisonPrediction
FN:58,(anonymous_8)
FN:78,(anonymous_9)
FN:78,(anonymous_10)
FN:195,(anonymous_11)
FN:206,(anonymous_12)
FN:228,(anonymous_13)
FN:336,(anonymous_14)
FNF:8
FNH:8
FNDA:100,ComparisonPrediction
FNDA:12,(anonymous_8)
FNDA:7,(anonymous_9)
FNDA:7,(anonymous_10)
FNDA:12,(anonymous_11)
FNDA:12,(anonymous_12)
FNDA:1,(anonymous_13)
FNDA:1,(anonymous_14)
DA:1,1
DA:2,1
DA:3,1
DA:4,1
DA:5,1
DA:6,1
DA:7,1
DA:8,1
DA:9,1
DA:10,1
DA:23,100
DA:25,100
DA:26,100
DA:27,100
DA:28,100
DA:30,100
DA:31,100
DA:32,100
DA:33,100
DA:36,100
DA:37,100
DA:38,100
DA:41,100
DA:50,100
DA:58,100
DA:59,12
DA:60,0
DA:61,0
DA:64,12
DA:69,12
DA:70,1
DA:71,1
DA:74,11
DA:75,11
DA:78,100
DA:79,7
DA:80,0
DA:81,0
DA:84,7
DA:89,7
DA:90,1
DA:91,1
DA:94,6
DA:95,6
DA:96,6
DA:97,6
DA:121,6
DA:122,5
DA:123,5
DA:124,5
DA:126,1
DA:127,1
DA:131,6
DA:135,100
DA:136,5
DA:140,5
DA:144,5
DA:145,5
DA:147,5
DA:196,12
DA:207,12
DA:228,1
DA:247,95
DA:336,1
DA:357,1
LF:65
LH:61
BRDA:41,0,0,100
BRDA:41,0,1,96
BRDA:41,0,2,96
BRDA:41,0,3,96
BRDA:41,0,4,96
BRDA:41,0,5,72
BRDA:41,0,6,60
BRDA:50,1,0,100
BRDA:50,1,1,96
BRDA:50,1,2,96
BRDA:50,1,3,96
BRDA:50,1,4,96
BRDA:50,1,5,28
BRDA:50,1,6,21
BRDA:59,2,0,0
BRDA:59,2,1,12
BRDA:69,3,0,1
BRDA:69,3,1,11
BRDA:79,4,0,0
BRDA:79,4,1,7
BRDA:89,5,0,1
BRDA:89,5,1,6
BRDA:121,6,0,1
BRDA:121,6,1,5
BRDA:128,7,0,1
BRDA:128,7,1,0
BRDA:135,8,0,5
BRDA:135,8,1,95
BRDA:254,9,0,54
BRDA:254,9,1,41
BRDA:257,10,0,95
BRDA:257,10,1,54
BRDA:280,11,0,54
BRDA:280,11,1,1
BRDA:305,12,0,95
BRDA:305,12,1,41
BRDA:328,13,0,41
BRDA:328,13,1,2
BRDA:344,14,0,41
BRDA:344,14,1,16
BRDA:347,15,0,6
BRDA:347,15,1,35
BRF:42
BRH:39
end_of_record
TN:
SF:src/pages/Home.tsx
FN:7,Home
FN:22,(anonymous_2)
FN:26,(anonymous_3)
FN:30,(anonymous_4)
FN:34,(anonymous_5)
FN:45,(anonymous_6)
FN:49,(anonymous_7)
FNF:7
FNH:7
FNDA:24,Home
FNDA:1,(anonymous_2)
FNDA:1,(anonymous_3)
FNDA:1,(anonymous_4)
FNDA:1,(anonymous_5)
FNDA:64,(anonymous_6)
FNDA:8,(anonymous_7)
DA:1,1
DA:2,1
DA:3,1
DA:4,1
DA:5,1
DA:8,24
DA:10,24
DA:21,24
DA:22,2
DA:25,22
DA:26,2
DA:29,20
DA:30,2
DA:33,18
DA:34,2
DA:37,16
DA:46,64
DA:49,8
DA:60,1
LF:19
LH:19
BRDA:21,0,0,2
BRDA:21,0,1,22
BRDA:25,1,0,2
BRDA:25,1,1,20
BRDA:29,2,0,2
BRDA:29,2,1,18
BRDA:33,3,0,2
BRDA:33,3,1,16
BRF:8
BRH:8
end_of_record
TN:
SF:src/pages/RangeComparisonPrediction.tsx
FN:46,RangeComparisonPrediction
FN:67,(anonymous_8)
FN:82,(anonymous_9)
FN:90,(anonymous_10)
FN:98,(anonymous_11)
FN:98,(anonymous_12)
FN:229,(anonymous_13)
FN:270,(anonymous_14)
FN:360,(anonymous_15)
FN:454,(anonymous_16)
FN:542,(anonymous_17)
FN:566,(anonymous_18)
FN:586,(anonymous_19)
FN:603,(anonymous_20)
FN:603,(anonymous_21)
FNF:15
FNH:14
FNDA:132,RangeComparisonPrediction
FNDA:116,(anonymous_8)
FNDA:15,(anonymous_9)
FNDA:12,(anonymous_10)
FNDA:8,(anonymous_11)
FNDA:8,(anonymous_12)
FNDA:10,(anonymous_13)
FNDA:5,(anonymous_14)
FNDA:5,(anonymous_15)
FNDA:1,(anonymous_16)
FNDA:0,(anonymous_17)
FNDA:8,(anonymous_18)
FNDA:8,(anonymous_19)
FNDA:1,(anonymous_20)
FNDA:1,(anonymous_21)
DA:1,1
DA:2,1
DA:3,1
DA:4,1
DA:5,1
DA:6,1
DA:7,1
DA:8,1
DA:9,1
DA:10,1
DA:11,1
DA:46,1
DA:49,132
DA:51,132
DA:52,132
DA:53,132
DA:55,132
DA:56,132
DA:57,132
DA:59,132
DA:60,132
DA:61,132
DA:63,132
DA:64,132
DA:65,132
DA:67,132
DA:72,116
DA:82,132
DA:83,15
DA:84,0
DA:85,0
DA:87,15
DA:90,132
DA:91,12
DA:92,0
DA:93,0
DA:95,12
DA:98,132
DA:99,8
DA:100,0
DA:101,0
DA:104,8
DA:105,8
DA:106,8
DA:111,8
DA:112,1
DA:113,1
DA:115,7
DA:116,1
DA:117,1
DA:120,6
DA:121,6
DA:122,6
DA:124,6
DA:125,6
DA:149,6
DA:157,6
DA:158,1
DA:161,5
DA:162,5
DA:164,1
DA:170,6
DA:174,132
DA:175,5
DA:179,5
DA:184,5
DA:230,10
DA:231,10
DA:271,5
DA:277,5
DA:361,5
DA:367,5
DA:454,1
DA:473,127
DA:542,0
DA:566,8
DA:586,8
DA:603,1
LF:78
LH:71
BRDA:73,0,0,116
BRDA:73,0,1,112
BRDA:73,0,2,112
BRDA:73,0,3,82
BRDA:73,0,4,82
BRDA:73,0,5,82
BRDA:83,1,0,0
BRDA:83,1,1,15
BRDA:91,2,0,0
BRDA:91,2,1,12
BRDA:99,3,0,0
BRDA:99,3,1,8
BRDA:99,4,0,8
BRDA:99,4,1,8
BRDA:99,4,2,8
BRDA:107,5,0,8
BRDA:107,5,1,0
BRDA:107,6,0,0
BRDA:107,6,1,8
BRDA:107,7,0,8
BRDA:107,7,1,8
BRDA:108,8,0,8
BRDA:108,8,1,0
BRDA:108,9,0,0
BRDA:108,9,1,8
BRDA:108,10,0,8
BRDA:108,10,1,8
BRDA:111,11,0,1
BRDA:111,11,1,7
BRDA:115,12,0,1
BRDA:115,12,1,6
BRDA:157,13,0,1
BRDA:157,13,1,5
BRDA:165,14,0,1
BRDA:165,14,1,0
BRDA:174,15,0,5
BRDA:174,15,1,127
BRDA:287,16,0,5
BRDA:287,16,1,0
BRDA:326,17,0,5
BRDA:326,17,1,0
BRDA:332,18,0,5
BRDA:332,18,1,5
BRDA:343,19,0,5
BRDA:343,19,1,0
BRDA:377,20,0,5
BRDA:377,20,1,0
BRDA:416,21,0,5
BRDA:416,21,1,0
BRDA:422,22,0,5
BRDA:422,22,1,5
BRDA:433,23,0,5
BRDA:433,23,1,0
BRDA:480,24,0,50
BRDA:480,24,1,77
BRDA:482,25,0,39
BRDA:482,25,1,38
BRDA:487,26,0,127
BRDA:487,26,1,50
BRDA:510,27,0,127
BRDA:510,27,1,39
BRDA:533,28,0,127
BRDA:533,28,1,38
BRDA:533,28,2,38
BRDA:555,29,0,38
BRDA:555,29,1,38
BRDA:555,29,2,38
BRDA:555,30,0,0
BRDA:555,30,1,38
BRDA:555,31,0,38
BRDA:555,31,1,38
BRDA:555,32,0,0
BRDA:555,32,1,38
BRDA:555,33,0,38
BRDA:555,33,1,38
BRDA:575,34,0,38
BRDA:575,34,1,38
BRDA:575,34,2,38
BRDA:575,35,0,0
BRDA:575,35,1,38
BRDA:575,36,0,38
BRDA:575,36,1,38
BRDA:575,37,0,0
BRDA:575,37,1,38
BRDA:575,38,0,38
BRDA:575,38,1,38
BRDA:594,39,0,127
BRDA:594,39,1,3
BRDA:603,40,0,50
BRDA:603,40,1,77
BRDA:608,41,0,50
BRDA:608,41,1,77
BRDA:610,42,0,39
BRDA:610,42,1,38
BRDA:614,43,0,127
BRDA:614,43,1,50
BRDA:625,44,0,127
BRDA:625,44,1,39
BRDA:636,45,0,127
BRDA:636,45,1,38
BRDA:639,46,0,38
BRDA:639,46,1,26
BRDA:639,46,2,18
BRDA:639,46,3,18
BRDA:642,47,0,6
BRDA:642,47,1,32
BRF:106
BRH:88
end_of_record
TN:
SF:src/pages/RangePrediction.tsx
FN:20,RangePrediction
FN:45,(anonymous_8)
FN:45,(anonymous_9)
FN:139,(anonymous_10)
FN:145,(anonymous_11)
FN:162,(anonymous_12)
FN:219,(anonymous_13)
FN:238,(anonymous_14)
FNF:8
FNH:8
FNDA:51,RangePrediction
FNDA:6,(anonymous_8)
FNDA:6,(anonymous_9)
FNDA:3,(anonymous_10)
FNDA:5,(anonymous_11)
FNDA:1,(anonymous_12)
FNDA:6,(anonymous_13)
FNDA:6,(anonymous_14)
DA:1,1
DA:2,1
DA:3,1
DA:4,1
DA:5,1
DA:6,1
DA:7,1
DA:8,1
DA:9,1
DA:10,1
DA:11,1
DA:12,1
DA:13,1
DA:35,51
DA:37,51
DA:38,51
DA:39,51
DA:40,51
DA:42,51
DA:43,51
DA:45,51
DA:46,6
DA:56,0
DA:57,0
DA:60,6
DA:66,6
DA:67,1
DA:68,1
DA:71,5
DA:72,5
DA:73,5
DA:74,5
DA:88,5
DA:89,4
DA:90,4
DA:91,4
DA:93,1
DA:94,1
DA:96,5
DA:101,51
DA:110,51
DA:111,3
DA:112,3
DA:114,3
DA:139,3
DA:146,5
DA:162,1
DA:181,48
DA:219,6
DA:238,6
DA:272,1
LF:51
LH:49
BRDA:46,0,0,0
BRDA:46,0,1,6
BRDA:47,1,0,6
BRDA:47,1,1,6
BRDA:47,1,2,6
BRDA:47,1,3,6
BRDA:47,1,4,6
BRDA:47,1,5,6
BRDA:47,1,6,6
BRDA:47,1,7,6
BRDA:66,2,0,1
BRDA:66,2,1,5
BRDA:88,3,0,1
BRDA:88,3,1,4
BRDA:94,4,0,1
BRDA:94,4,1,0
BRDA:101,5,0,51
BRDA:101,5,1,40
BRDA:101,5,2,40
BRDA:101,5,3,40
BRDA:101,5,4,40
BRDA:101,5,5,22
BRDA:101,5,6,22
BRDA:101,5,7,22
BRDA:110,6,0,3
BRDA:110,6,1,48
BRDA:139,7,0,0
BRDA:139,7,1,3
BRDA:139,8,0,3
BRDA:139,8,1,3
BRDA:145,9,0,0
BRDA:145,9,1,3
BRDA:145,10,0,3
BRDA:145,10,1,3
BRDA:209,11,0,48
BRDA:209,11,1,48
BRDA:209,12,0,0
BRDA:209,12,1,48
BRDA:209,13,0,48
BRDA:209,13,1,48
BRDA:220,14,0,0
BRDA:220,14,1,48
BRDA:220,15,0,48
BRDA:220,15,1,48
BRDA:228,16,0,48
BRDA:228,16,1,48
BRDA:228,17,0,0
BRDA:228,17,1,48
BRDA:228,18,0,48
BRDA:228,18,1,48
BRDA:239,19,0,0
BRDA:239,19,1,48
BRDA:239,20,0,48
BRDA:239,20,1,48
BRDA:245,21,0,48
BRDA:245,21,1,0
BRDA:261,22,0,48
BRDA:261,22,1,13
BRDA:264,23,0,5
BRDA:264,23,1,43
BRF:60
BRH:51
end_of_record
TN:
SF:src/pages/SinglePrediction.tsx
FN:16,SinglePrediction
FN:40,(anonymous_8)
FN:40,(anonymous_9)
FN:127,(anonymous_10)
FN:138,(anonymous_11)
FNF:5
FNH:5
FNDA:45,SinglePrediction
FNDA:6,(anonymous_8)
FNDA:6,(anonymous_9)
FNDA:7,(anonymous_10)
FNDA:1,(anonymous_11)
DA:1,1
DA:2,1
DA:3,1
DA:4,1
DA:5,1
DA:6,1
DA:7,1
DA:8,1
DA:9,1
DA:31,45
DA:33,45
DA:34,45
DA:35,45
DA:37,45
DA:38,45
DA:40,45
DA:41,6
DA:50,0
DA:51,0
DA:54,6
DA:59,6
DA:60,1
DA:61,1
DA:64,5
DA:65,5
DA:66,5
DA:67,5
DA:80,5
DA:81,4
DA:82,4
DA:84,1
DA:85,1
DA:87,5
DA:92,45
DA:100,45
DA:101,3
DA:106,3
DA:128,7
DA:138,1
DA:157,42
DA:212,1
LF:41
LH:39
BRDA:41,0,0,0
BRDA:41,0,1,6
BRDA:42,1,0,6
BRDA:42,1,1,6
BRDA:42,1,2,6
BRDA:42,1,3,6
BRDA:42,1,4,6
BRDA:42,1,5,6
BRDA:42,1,6,6
BRDA:59,2,0,1
BRDA:59,2,1,5
BRDA:80,3,0,1
BRDA:80,3,1,4
BRDA:85,4,0,1
BRDA:85,4,1,0
BRDA:92,5,0,45
BRDA:92,5,1,34
BRDA:92,5,2,34
BRDA:92,5,3,34
BRDA:92,5,4,34
BRDA:92,5,5,22
BRDA:92,5,6,16
BRDA:100,6,0,3
BRDA:100,6,1,42
BRDA:185,7,0,42
BRDA:185,7,1,0
BRDA:201,8,0,42
BRDA:201,8,1,13
BRDA:204,9,0,5
BRDA:204,9,1,37
BRF:30
BRH:27
end_of_record
TN:
SF:src/utils/formatting.ts
FN:1,(anonymous_0)
FNF:1
FNH:1
FNDA:21,(anonymous_0)
DA:1,4
DA:5,21
DA:6,18
LF:3
LH:3
BRDA:5,0,0,3
BRDA:5,0,1,18
BRDA:5,1,0,21
BRDA:5,1,1,19
BRF:4
BRH:4
end_of_record
TN:
SF:src/utils/validation.ts
FN:6,validateYears
FN:30,validateYearRange
FNF:2
FNH:2
FNDA:17,validateYears
FNDA:28,validateYearRange
DA:6,4
DA:11,17
DA:12,17
DA:14,17
DA:15,13
DA:16,2
DA:18,11
DA:19,1
DA:23,14
DA:24,3
DA:27,11
DA:30,4
DA:36,28
DA:37,28
DA:38,28
DA:40,28
DA:41,23
DA:42,3
DA:44,20
DA:45,2
DA:47,18
DA:48,2
DA:52,21
DA:53,3
DA:56,18
DA:57,4
DA:60,14
LF:27
LH:27
BRDA:14,0,0,13
BRDA:14,0,1,4
BRDA:14,1,0,17
BRDA:14,1,1,14
BRDA:14,2,0,2
BRDA:14,2,1,15
BRDA:14,3,0,17
BRDA:14,3,1,15
BRDA:14,4,0,0
BRDA:14,4,1,14
BRDA:14,5,0,14
BRDA:14,5,1,14
BRDA:15,6,0,2
BRDA:15,6,1,11
BRDA:15,7,0,13
BRDA:15,7,1,12
BRDA:18,8,0,1
BRDA:18,8,1,10
BRDA:23,9,0,3
BRDA:23,9,1,11
BRDA:40,10,0,23
BRDA:40,10,1,5
BRDA:40,11,0,28
BRDA:40,11,1,24
BRDA:40,12,0,3
BRDA:40,12,1,25
BRDA:40,13,0,28
BRDA:40,13,1,25
BRDA:40,14,0,0
BRDA:40,14,1,24
BRDA:40,15,0,24
BRDA:40,15,1,24
BRDA:41,16,0,3
BRDA:41,16,1,20
BRDA:41,17,0,23
BRDA:41,17,1,21
BRDA:44,18,0,2
BRDA:44,18,1,18
BRDA:47,19,0,2
BRDA:47,19,1,16
BRDA:52,20,0,3
BRDA:52,20,1,18
BRDA:56,21,0,4
BRDA:56,21,1,14
BRF:44
BRH:42
end_of_record
