TN:
SF:src/App.tsx
FN:4,App
FNF:1
FNH:1
FNDA:4,App
DA:1,1
DA:2,1
DA:5,4
DA:14,1
LF:4
LH:4
BRF:0
BRH:0
end_of_record
TN:
SF:src/components/AlgorithmMetricsCard.tsx
FN:30,AlgorithmMetricsCard
FN:37,(anonymous_1)
FNF:2
FNH:2
FNDA:3,AlgorithmMetricsCard
FNDA:12,(anonymous_1)
DA:23,1
DA:30,1
DA:31,3
DA:38,12
LF:4
LH:4
BRDA:70,0,0,12
BRDA:70,0,1,0
BRDA:76,1,0,12
BRDA:76,1,1,12
BRDA:87,2,0,12
BRDA:87,2,1,0
BRF:6
BRH:4
end_of_record
TN:
SF:src/components/AlgorithmResultCard.tsx
FN:14,AlgorithmResultCard
FNF:1
FNH:1
FNDA:9,AlgorithmResultCard
DA:7,1
DA:14,1
DA:15,9
LF:3
LH:3
BRDA:18,0,0,9
BRDA:18,0,1,1
BRF:2
BRH:2
end_of_record
TN:
SF:src/components/ComparisonChart.tsx
FN:41,ComparisonChart
FN:48,(anonymous_1)
FN:54,(anonymous_2)
FN:61,(anonymous_3)
FN:99,(anonymous_4)
FN:119,(anonymous_5)
FNF:6
FNH:6
FNDA:8,ComparisonChart
FNDA:25,(anonymous_1)
FNDA:25,(anonymous_2)
FNDA:25,(anonymous_3)
FNDA:3,(anonymous_4)
FNDA:3,(anonymous_5)
DA:1,1
DA:10,1
DA:12,1
DA:34,1
DA:41,1
DA:47,8
DA:48,25
DA:51,8
DA:54,25
DA:61,25
DA:68,8
DA:73,8
DA:103,3
DA:104,3
DA:105,2
DA:107,3
DA:108,2
DA:110,3
DA:120,3
DA:143,8
LF:20
LH:20
BRDA:48,0,0,25
BRDA:48,0,1,1
BRDA:103,1,0,3
BRDA:103,1,1,1
BRDA:104,2,0,2
BRDA:104,2,1,1
BRDA:107,3,0,2
BRDA:107,3,1,1
BRF:8
BRH:8
end_of_record
TN:
SF:src/components/ModelInfoCard.tsx
FN:19,ModelInfoCard
FNF:1
FNH:1
FNDA:8,ModelInfoCard
DA:19,1
DA:24,8
LF:2
LH:2
BRDA:30,0,0,8
BRDA:30,0,1,2
BRDA:79,1,0,8
BRDA:79,1,1,7
BRDA:79,1,2,7
BRDA:79,1,3,7
BRF:6
BRH:6
end_of_record
TN:
SF:src/components/PredictionForm.tsx
FN:35,PredictionForm
FN:135,(anonymous_1)
FN:156,(anonymous_2)
FN:171,(anonymous_3)
FNF:4
FNH:4
FNDA:27,PredictionForm
FNDA:1,(anonymous_1)
FNDA:1,(anonymous_2)
FNDA:1,(anonymous_3)
DA:1,1
DA:3,1
DA:4,1
DA:5,1
DA:35,1
DA:56,27
DA:135,1
DA:156,1
DA:171,1
LF:9
LH:9
BRDA:53,0,0,26
BRDA:73,1,0,27
BRDA:73,1,1,3
BRDA:90,2,0,27
BRDA:90,2,1,26
BRDA:97,3,0,26
BRDA:97,3,1,0
BRDA:112,4,0,26
BRDA:112,4,1,0
BRDA:125,5,0,26
BRDA:125,5,1,25
BRDA:125,5,2,25
BRDA:133,6,0,26
BRDA:133,6,1,1
BRDA:142,7,0,26
BRDA:142,7,1,25
BRDA:146,8,0,25
BRDA:146,8,1,24
BRDA:156,9,0,0
BRDA:156,9,1,1
BRDA:156,10,0,1
BRDA:156,10,1,1
BRDA:178,11,0,26
BRDA:178,11,1,25
BRF:24
BRH:21
end_of_record
TN:
SF:src/components/PriceRangeChart.tsx
FN:59,PriceRangeChart
FN:60,(anonymous_1)
FN:60,(anonymous_2)
FN:62,(anonymous_3)
FN:64,(anonymous_4)
FN:66,(anonymous_5)
FN:67,(anonymous_6)
FN:68,(anonymous_7)
FN:117,(anonymous_8)
FN:137,(anonymous_9)
FNF:10
FNH:10
FNDA:9,PriceRangeChart
FNDA:15,(anonymous_1)
FNDA:7,(anonymous_2)
FNDA:27,(anonymous_3)
FNDA:27,(anonymous_4)
FNDA:26,(anonymous_5)
FNDA:53,(anonymous_6)
FNDA:126,(anonymous_7)
FNDA:3,(anonymous_8)
FNDA:3,(anonymous_9)
DA:1,1
DA:11,1
DA:13,1
DA:33,1
DA:52,1
DA:59,1
DA:60,15
DA:62,27
DA:64,9
DA:65,27
DA:66,26
DA:68,126
DA:69,53
DA:72,27
DA:86,9
DA:91,9
DA:121,3
DA:122,3
DA:123,2
DA:125,3
DA:126,2
DA:128,3
DA:138,3
DA:161,9
LF:24
LH:24
BRDA:62,0,0,9
BRDA:62,0,1,1
BRDA:62,1,0,1
BRDA:62,1,1,8
BRDA:62,2,0,9
BRDA:62,2,1,9
BRDA:69,3,0,53
BRDA:69,3,1,1
BRDA:69,4,0,1
BRDA:69,4,1,52
BRDA:69,5,0,53
BRDA:69,5,1,53
BRDA:121,6,0,3
BRDA:121,6,1,1
BRDA:122,7,0,2
BRDA:122,7,1,1
BRDA:125,8,0,2
BRDA:125,8,1,1
BRF:18
BRH:18
end_of_record
TN:
SF:src/components/RangeComparisonChart.tsx
FN:44,RangeComparisonChart
FN:51,(anonymous_1)
FN:51,(anonymous_2)
FN:56,(anonymous_3)
FN:66,(anonymous_4)
FN:109,(anonymous_5)
FN:129,(anonymous_6)
FNF:7
FNH:7
FNDA:13,RangeComparisonChart
FNDA:34,(anonymous_1)
FNDA:22,(anonymous_2)
FNDA:34,(anonymous_3)
FNDA:34,(anonymous_4)
FNDA:3,(anonymous_5)
FNDA:3,(anonymous_6)
DA:1,1
DA:11,1
DA:13,1
DA:37,1
DA:44,1
DA:51,34
DA:53,13
DA:56,34
DA:66,34
DA:76,13
DA:81,13
DA:113,3
DA:114,3
DA:115,2
DA:117,3
DA:118,2
DA:120,3
DA:130,3
DA:153,13
LF:19
LH:19
BRDA:98,0,0,13
BRDA:98,0,1,1
BRDA:113,1,0,3
BRDA:113,1,1,1
BRDA:114,2,0,2
BRDA:114,2,1,1
BRDA:117,3,0,2
BRDA:117,3,1,1
BRF:8
BRH:8
end_of_record
TN:
SF:src/hooks/usePredictionData.ts
FN:12,usePredictionData
FN:24,(anonymous_8)
FN:25,loadManufacturers
FN:31,(anonymous_11)
FN:54,(anonymous_12)
FN:61,loadModels
FN:73,(anonymous_15)
FN:103,(anonymous_16)
FN:105,loadDetails
FNF:9
FNH:9
FNDA:116,usePredictionData
FNDA:23,(anonymous_8)
FNDA:23,loadManufacturers
FNDA:24,(anonymous_11)
FNDA:40,(anonymous_12)
FNDA:16,loadModels
FNDA:19,(anonymous_15)
FNDA:32,(anonymous_16)
FNDA:7,loadDetails
DA:1,5
DA:12,5
DA:13,116
DA:16,116
DA:17,116
DA:18,116
DA:19,116
DA:20,116
DA:21,116
DA:22,116
DA:24,116
DA:26,23
DA:27,23
DA:28,21
DA:29,20
DA:30,20
DA:32,24
DA:33,8
DA:34,8
DA:39,2
DA:40,6
DA:41,6
DA:42,6
DA:45,20
DA:47,3
DA:48,3
DA:51,23
DA:54,116
DA:55,40
DA:56,16
DA:57,16
DA:58,16
DA:59,16
DA:62,16
DA:63,16
DA:64,16
DA:65,16
DA:70,15
DA:71,13
DA:72,13
DA:74,19
DA:75,8
DA:76,8
DA:81,2
DA:82,6
DA:83,6
DA:84,6
DA:87,13
DA:89,3
DA:90,3
DA:93,16
DA:95,24
DA:96,24
DA:97,24
DA:98,24
DA:99,24
DA:103,116
DA:104,32
DA:106,7
DA:107,7
DA:108,7
DA:109,7
DA:110,7
DA:111,7
DA:119,6
DA:120,4
DA:121,4
DA:129,3
DA:130,3
DA:133,7
DA:135,25
DA:136,25
DA:137,25
DA:142,116
LF:74
LH:74
BRDA:28,0,0,1
BRDA:28,0,1,20
BRDA:30,1,0,20
BRDA:30,1,1,0
BRDA:32,2,0,16
BRDA:32,2,1,8
BRDA:34,3,0,2
BRDA:34,3,1,6
BRDA:35,4,0,8
BRDA:35,4,1,8
BRDA:35,4,2,2
BRDA:40,5,0,2
BRDA:40,5,1,4
BRDA:40,6,0,6
BRDA:40,6,1,6
BRDA:40,7,0,1
BRDA:40,7,1,5
BRDA:40,8,0,6
BRDA:40,8,1,5
BRDA:41,9,0,3
BRDA:41,9,1,3
BRDA:48,10,0,2
BRDA:48,10,1,1
BRDA:55,11,0,16
BRDA:55,11,1,24
BRDA:70,12,0,2
BRDA:70,12,1,13
BRDA:72,13,0,13
BRDA:72,13,1,0
BRDA:74,14,0,11
BRDA:74,14,1,8
BRDA:76,15,0,2
BRDA:76,15,1,6
BRDA:77,16,0,8
BRDA:77,16,1,8
BRDA:77,16,2,2
BRDA:82,17,0,2
BRDA:82,17,1,4
BRDA:82,18,0,6
BRDA:82,18,1,6
BRDA:82,19,0,1
BRDA:82,19,1,5
BRDA:82,20,0,6
BRDA:82,20,1,5
BRDA:83,21,0,3
BRDA:83,21,1,3
BRDA:90,22,0,3
BRDA:90,22,1,0
BRDA:104,23,0,7
BRDA:104,23,1,25
BRDA:104,24,0,32
BRDA:104,24,1,9
BRDA:119,25,0,2
BRDA:119,25,1,4
BRDA:122,26,0,4
BRDA:122,26,1,1
BRDA:123,27,0,4
BRDA:123,27,1,1
BRDA:130,28,0,3
BRDA:130,28,1,0
BRF:60
BRH:56
end_of_record
TN:
SF:src/lib/utils.ts
FN:4,cn
FNF:1
FNH:1
FNDA:1668,cn
DA:1,5
DA:2,5
DA:4,5
DA:5,1668
LF:4
LH:4
BRF:0
BRH:0
end_of_record
TN:
SF:src/pages/ComparisonPrediction.tsx
FN:22,ComparisonPrediction
FN:58,(anonymous_8)
FN:78,(anonymous_9)
FN:78,(anonymous_10)
FN:187,(anonymous_11)
FN:198,(anonymous_12)
FN:220,(anonymous_13)
FN:328,(anonymous_14)
FNF:8
FNH:8
FNDA:100,ComparisonPrediction
FNDA:12,(anonymous_8)
FNDA:7,(anonymous_9)
FNDA:7,(anonymous_10)
FNDA:12,(anonymous_11)
FNDA:12,(anonymous_12)
FNDA:1,(anonymous_13)
FNDA:1,(anonymous_14)
DA:1,1
DA:2,1
DA:3,1
DA:4,1
DA:5,1
DA:6,1
DA:7,1
DA:8,1
DA:9,1
DA:10,1
DA:23,100
DA:25,100
DA:26,100
DA:27,100
DA:28,100
DA:30,100
DA:31,100
DA:32,100
DA:33,100
DA:36,100
DA:37,100
DA:38,100
DA:41,100
DA:50,100
DA:58,100
DA:59,12
DA:60,0
DA:61,0
DA:64,12
DA:69,12
DA:70,1
DA:71,1
DA:74,11
DA:75,11
DA:78,100
DA:79,7
DA:80,0
DA:81,0
DA:84,7
DA:89,7
DA:90,1
DA:91,1
DA:94,6
DA:95,6
DA:96,6
DA:97,6
DA:121,6
DA:122,5
DA:123,5
DA:125,1
DA:129,6
DA:133,100
DA:134,5
DA:135,5
DA:136,5
DA:137,5
DA:139,5
DA:188,12
DA:199,12
DA:220,1
DA:239,95
DA:328,1
DA:349,1
LF:63
LH:59
BRDA:41,0,0,100
BRDA:41,0,1,96
BRDA:41,0,2,96
BRDA:41,0,3,96
BRDA:41,0,4,96
BRDA:41,0,5,72
BRDA:41,0,6,60
BRDA:50,1,0,100
BRDA:50,1,1,96
BRDA:50,1,2,96
BRDA:50,1,3,96
BRDA:50,1,4,96
BRDA:50,1,5,28
BRDA:50,1,6,21
BRDA:59,2,0,0
BRDA:59,2,1,12
BRDA:69,3,0,1
BRDA:69,3,1,11
BRDA:79,4,0,0
BRDA:79,4,1,7
BRDA:89,5,0,1
BRDA:89,5,1,6
BRDA:121,6,0,1
BRDA:121,6,1,5
BRDA:126,7,0,1
BRDA:126,7,1,0
BRDA:133,8,0,5
BRDA:133,8,1,95
BRDA:246,9,0,54
BRDA:246,9,1,41
BRDA:249,10,0,95
BRDA:249,10,1,54
BRDA:272,11,0,54
BRDA:272,11,1,1
BRDA:297,12,0,95
BRDA:297,12,1,41
BRDA:320,13,0,41
BRDA:320,13,1,2
BRDA:336,14,0,41
BRDA:336,14,1,16
BRDA:339,15,0,6
BRDA:339,15,1,35
BRF:42
BRH:39
end_of_record
TN:
SF:src/pages/Home.tsx
FN:7,Home
FN:22,(anonymous_2)
FN:26,(anonymous_3)
FN:30,(anonymous_4)
FN:34,(anonymous_5)
FN:45,(anonymous_6)
FN:49,(anonymous_7)
FNF:7
FNH:7
FNDA:24,Home
FNDA:1,(anonymous_2)
FNDA:1,(anonymous_3)
FNDA:1,(anonymous_4)
FNDA:1,(anonymous_5)
FNDA:64,(anonymous_6)
FNDA:8,(anonymous_7)
DA:1,1
DA:2,1
DA:3,1
DA:4,1
DA:5,1
DA:8,24
DA:10,24
DA:21,24
DA:22,2
DA:25,22
DA:26,2
DA:29,20
DA:30,2
DA:33,18
DA:34,2
DA:37,16
DA:46,64
DA:49,8
DA:60,1
LF:19
LH:19
BRDA:21,0,0,2
BRDA:21,0,1,22
BRDA:25,1,0,2
BRDA:25,1,1,20
BRDA:29,2,0,2
BRDA:29,2,1,18
BRDA:33,3,0,2
BRDA:33,3,1,16
BRF:8
BRH:8
end_of_record
TN:
SF:src/pages/RangeComparisonPrediction.tsx
FN:50,RangeComparisonPrediction
FN:71,(anonymous_8)
FN:86,(anonymous_9)
FN:94,(anonymous_10)
FN:102,(anonymous_11)
FN:102,(anonymous_12)
FN:227,(anonymous_13)
FN:268,(anonymous_14)
FN:358,(anonymous_15)
FN:452,(anonymous_16)
FN:540,(anonymous_17)
FN:564,(anonymous_18)
FN:584,(anonymous_19)
FN:601,(anonymous_20)
FN:601,(anonymous_21)
FNF:15
FNH:14
FNDA:132,RangeComparisonPrediction
FNDA:116,(anonymous_8)
FNDA:15,(anonymous_9)
FNDA:12,(anonymous_10)
FNDA:8,(anonymous_11)
FNDA:8,(anonymous_12)
FNDA:10,(anonymous_13)
FNDA:5,(anonymous_14)
FNDA:5,(anonymous_15)
FNDA:1,(anonymous_16)
FNDA:0,(anonymous_17)
FNDA:8,(anonymous_18)
FNDA:8,(anonymous_19)
FNDA:1,(anonymous_20)
FNDA:1,(anonymous_21)
DA:1,1
DA:2,1
DA:3,1
DA:4,1
DA:5,1
DA:6,1
DA:7,1
DA:8,1
DA:9,1
DA:10,1
DA:11,1
DA:50,1
DA:53,132
DA:55,132
DA:56,132
DA:57,132
DA:59,132
DA:60,132
DA:61,132
DA:63,132
DA:64,132
DA:65,132
DA:67,132
DA:68,132
DA:69,132
DA:71,132
DA:76,116
DA:86,132
DA:87,15
DA:88,0
DA:89,0
DA:91,15
DA:94,132
DA:95,12
DA:96,0
DA:97,0
DA:99,12
DA:102,132
DA:103,8
DA:104,0
DA:105,0
DA:108,8
DA:109,8
DA:110,8
DA:115,8
DA:116,1
DA:117,1
DA:119,7
DA:120,1
DA:121,1
DA:124,6
DA:125,6
DA:126,6
DA:128,6
DA:129,6
DA:153,6
DA:161,6
DA:162,1
DA:165,5
DA:166,5
DA:168,1
DA:174,6
DA:178,132
DA:179,5
DA:180,5
DA:182,5
DA:228,10
DA:229,10
DA:269,5
DA:275,5
DA:359,5
DA:365,5
DA:452,1
DA:471,127
DA:540,0
DA:564,8
DA:584,8
DA:601,1
LF:78
LH:71
BRDA:77,0,0,116
BRDA:77,0,1,112
BRDA:77,0,2,112
BRDA:77,0,3,82
BRDA:77,0,4,82
BRDA:77,0,5,82
BRDA:87,1,0,0
BRDA:87,1,1,15
BRDA:95,2,0,0
BRDA:95,2,1,12
BRDA:103,3,0,0
BRDA:103,3,1,8
BRDA:103,4,0,8
BRDA:103,4,1,8
BRDA:103,4,2,8
BRDA:111,5,0,8
BRDA:111,5,1,0
BRDA:111,6,0,0
BRDA:111,6,1,8
BRDA:111,7,0,8
BRDA:111,7,1,8
BRDA:112,8,0,8
BRDA:112,8,1,0
BRDA:112,9,0,0
BRDA:112,9,1,8
BRDA:112,10,0,8
BRDA:112,10,1,8
BRDA:115,11,0,1
BRDA:115,11,1,7
BRDA:119,12,0,1
BRDA:119,12,1,6
BRDA:161,13,0,1
BRDA:161,13,1,5
BRDA:169,14,0,1
BRDA:169,14,1,0
BRDA:178,15,0,5
BRDA:178,15,1,127
BRDA:285,16,0,5
BRDA:285,16,1,0
BRDA:324,17,0,5
BRDA:324,17,1,0
BRDA:330,18,0,5
BRDA:330,18,1,5
BRDA:341,19,0,5
BRDA:341,19,1,0
BRDA:375,20,0,5
BRDA:375,20,1,0
BRDA:414,21,0,5
BRDA:414,21,1,0
BRDA:420,22,0,5
BRDA:420,22,1,5
BRDA:431,23,0,5
BRDA:431,23,1,0
BRDA:478,24,0,50
BRDA:478,24,1,77
BRDA:480,25,0,39
BRDA:480,25,1,38
BRDA:485,26,0,127
BRDA:485,26,1,50
BRDA:508,27,0,127
BRDA:508,27,1,39
BRDA:531,28,0,127
BRDA:531,28,1,38
BRDA:531,28,2,38
BRDA:553,29,0,38
BRDA:553,29,1,38
BRDA:553,29,2,38
BRDA:553,30,0,0
BRDA:553,30,1,38
BRDA:553,31,0,38
BRDA:553,31,1,38
BRDA:553,32,0,0
BRDA:553,32,1,38
BRDA:553,33,0,38
BRDA:553,33,1,38
BRDA:573,34,0,38
BRDA:573,34,1,38
BRDA:573,34,2,38
BRDA:573,35,0,0
BRDA:573,35,1,38
BRDA:573,36,0,38
BRDA:573,36,1,38
BRDA:573,37,0,0
BRDA:573,37,1,38
BRDA:573,38,0,38
BRDA:573,38,1,38
BRDA:592,39,0,127
BRDA:592,39,1,3
BRDA:601,40,0,50
BRDA:601,40,1,77
BRDA:606,41,0,50
BRDA:606,41,1,77
BRDA:608,42,0,39
BRDA:608,42,1,38
BRDA:612,43,0,127
BRDA:612,43,1,50
BRDA:623,44,0,127
BRDA:623,44,1,39
BRDA:634,45,0,127
BRDA:634,45,1,38
BRDA:637,46,0,38
BRDA:637,46,1,26
BRDA:637,46,2,18
BRDA:637,46,3,18
BRDA:640,47,0,6
BRDA:640,47,1,32
BRF:106
BRH:88
end_of_record
TN:
SF:src/pages/RangePrediction.tsx
FN:20,RangePrediction
FN:45,(anonymous_8)
FN:45,(anonymous_9)
FN:137,(anonymous_10)
FN:143,(anonymous_11)
FN:160,(anonymous_12)
FN:217,(anonymous_13)
FN:236,(anonymous_14)
FNF:8
FNH:8
FNDA:51,RangePrediction
FNDA:6,(anonymous_8)
FNDA:6,(anonymous_9)
FNDA:3,(anonymous_10)
FNDA:5,(anonymous_11)
FNDA:1,(anonymous_12)
FNDA:6,(anonymous_13)
FNDA:6,(anonymous_14)
DA:1,1
DA:2,1
DA:3,1
DA:4,1
DA:5,1
DA:6,1
DA:7,1
DA:8,1
DA:9,1
DA:10,1
DA:11,1
DA:12,1
DA:13,1
DA:35,51
DA:37,51
DA:38,51
DA:39,51
DA:40,51
DA:42,51
DA:43,51
DA:45,51
DA:46,6
DA:56,0
DA:57,0
DA:60,6
DA:66,6
DA:67,1
DA:68,1
DA:71,5
DA:72,5
DA:73,5
DA:74,5
DA:88,5
DA:89,4
DA:90,4
DA:92,1
DA:94,5
DA:99,51
DA:108,51
DA:109,3
DA:110,3
DA:112,3
DA:137,3
DA:144,5
DA:160,1
DA:179,48
DA:217,6
DA:236,6
DA:270,1
LF:49
LH:47
BRDA:46,0,0,0
BRDA:46,0,1,6
BRDA:47,1,0,6
BRDA:47,1,1,6
BRDA:47,1,2,6
BRDA:47,1,3,6
BRDA:47,1,4,6
BRDA:47,1,5,6
BRDA:47,1,6,6
BRDA:47,1,7,6
BRDA:66,2,0,1
BRDA:66,2,1,5
BRDA:88,3,0,1
BRDA:88,3,1,4
BRDA:92,4,0,1
BRDA:92,4,1,0
BRDA:99,5,0,51
BRDA:99,5,1,40
BRDA:99,5,2,40
BRDA:99,5,3,40
BRDA:99,5,4,40
BRDA:99,5,5,22
BRDA:99,5,6,22
BRDA:99,5,7,22
BRDA:108,6,0,3
BRDA:108,6,1,48
BRDA:137,7,0,0
BRDA:137,7,1,3
BRDA:137,8,0,3
BRDA:137,8,1,3
BRDA:143,9,0,0
BRDA:143,9,1,3
BRDA:143,10,0,3
BRDA:143,10,1,3
BRDA:207,11,0,48
BRDA:207,11,1,48
BRDA:207,12,0,0
BRDA:207,12,1,48
BRDA:207,13,0,48
BRDA:207,13,1,48
BRDA:218,14,0,0
BRDA:218,14,1,48
BRDA:218,15,0,48
BRDA:218,15,1,48
BRDA:226,16,0,48
BRDA:226,16,1,48
BRDA:226,17,0,0
BRDA:226,17,1,48
BRDA:226,18,0,48
BRDA:226,18,1,48
BRDA:237,19,0,0
BRDA:237,19,1,48
BRDA:237,20,0,48
BRDA:237,20,1,48
BRDA:243,21,0,48
BRDA:243,21,1,0
BRDA:259,22,0,48
BRDA:259,22,1,13
BRDA:262,23,0,5
BRDA:262,23,1,43
BRF:60
BRH:51
end_of_record
TN:
SF:src/pages/SinglePrediction.tsx
FN:16,SinglePrediction
FN:40,(anonymous_8)
FN:40,(anonymous_9)
FN:124,(anonymous_10)
FN:135,(anonymous_11)
FNF:5
FNH:5
FNDA:45,SinglePrediction
FNDA:6,(anonymous_8)
FNDA:6,(anonymous_9)
FNDA:7,(anonymous_10)
FNDA:1,(anonymous_11)
DA:1,1
DA:2,1
DA:3,1
DA:4,1
DA:5,1
DA:6,1
DA:7,1
DA:8,1
DA:9,1
DA:31,45
DA:33,45
DA:34,45
DA:35,45
DA:37,45
DA:38,45
DA:40,45
DA:41,6
DA:50,0
DA:51,0
DA:54,6
DA:59,6
DA:60,1
DA:61,1
DA:64,5
DA:65,5
DA:66,5
DA:67,5
DA:80,5
DA:81,4
DA:82,4
DA:84,1
DA:85,1
DA:87,5
DA:92,45
DA:100,45
DA:101,3
DA:103,3
DA:125,7
DA:135,1
DA:154,42
DA:209,1
LF:41
LH:39
BRDA:41,0,0,0
BRDA:41,0,1,6
BRDA:42,1,0,6
BRDA:42,1,1,6
BRDA:42,1,2,6
BRDA:42,1,3,6
BRDA:42,1,4,6
BRDA:42,1,5,6
BRDA:42,1,6,6
BRDA:59,2,0,1
BRDA:59,2,1,5
BRDA:80,3,0,1
BRDA:80,3,1,4
BRDA:85,4,0,1
BRDA:85,4,1,0
BRDA:92,5,0,45
BRDA:92,5,1,34
BRDA:92,5,2,34
BRDA:92,5,3,34
BRDA:92,5,4,34
BRDA:92,5,5,22
BRDA:92,5,6,16
BRDA:100,6,0,3
BRDA:100,6,1,42
BRDA:182,7,0,42
BRDA:182,7,1,0
BRDA:198,8,0,42
BRDA:198,8,1,13
BRDA:201,9,0,5
BRDA:201,9,1,37
BRF:30
BRH:27
end_of_record
TN:
SF:src/utils/formatting.ts
FN:1,(anonymous_0)
FNF:1
FNH:1
FNDA:21,(anonymous_0)
DA:1,4
DA:5,21
DA:7,10
DA:11,10
DA:15,10
DA:16,9
DA:18,2
LF:7
LH:7
BRDA:5,0,0,11
BRDA:5,0,1,10
BRDA:5,1,0,21
BRDA:5,1,1,12
BRDA:7,2,0,9
BRDA:7,2,1,1
BRDA:11,3,0,3
BRDA:11,3,1,7
BRDA:15,4,0,1
BRDA:15,4,1,9
BRDA:16,5,0,7
BRDA:16,5,1,2
BRF:12
BRH:12
end_of_record
TN:
SF:src/utils/validation.ts
FN:6,validateYears
FN:30,validateYearRange
FNF:2
FNH:2
FNDA:17,validateYears
FNDA:28,validateYearRange
DA:6,4
DA:11,17
DA:12,17
DA:14,17
DA:15,13
DA:16,2
DA:18,11
DA:19,1
DA:23,14
DA:24,3
DA:27,11
DA:30,4
DA:36,28
DA:37,28
DA:38,28
DA:40,28
DA:41,23
DA:42,3
DA:44,20
DA:45,2
DA:47,18
DA:48,2
DA:52,21
DA:53,3
DA:56,18
DA:57,4
DA:60,14
LF:27
LH:27
BRDA:14,0,0,13
BRDA:14,0,1,4
BRDA:14,1,0,17
BRDA:14,1,1,14
BRDA:14,2,0,2
BRDA:14,2,1,15
BRDA:14,3,0,17
BRDA:14,3,1,15
BRDA:14,4,0,0
BRDA:14,4,1,14
BRDA:14,5,0,14
BRDA:14,5,1,14
BRDA:15,6,0,2
BRDA:15,6,1,11
BRDA:15,7,0,13
BRDA:15,7,1,12
BRDA:18,8,0,1
BRDA:18,8,1,10
BRDA:23,9,0,3
BRDA:23,9,1,11
BRDA:40,10,0,23
BRDA:40,10,1,5
BRDA:40,11,0,28
BRDA:40,11,1,24
BRDA:40,12,0,3
BRDA:40,12,1,25
BRDA:40,13,0,28
BRDA:40,13,1,25
BRDA:40,14,0,0
BRDA:40,14,1,24
BRDA:40,15,0,24
BRDA:40,15,1,24
BRDA:41,16,0,3
BRDA:41,16,1,20
BRDA:41,17,0,23
BRDA:41,17,1,21
BRDA:44,18,0,2
BRDA:44,18,1,18
BRDA:47,19,0,2
BRDA:47,19,1,16
BRDA:52,20,0,3
BRDA:52,20,1,18
BRDA:56,21,0,4
BRDA:56,21,1,14
BRF:44
BRH:42
end_of_record
